<?xml version="1.0" encoding="UTF-8"?>
<testsuite xmlns:xsi="http://www.w3.org/2001/XMLSchema-instance" xsi:noNamespaceSchemaLocation="https://maven.apache.org/surefire/maven-surefire-plugin/xsd/surefire-test-report.xsd" name="com.light.utils.UtilsTest" time="7.838" tests="3" errors="0" skipped="0" failures="0">
  <properties>
[...]
</properties>
  <testcase name="searchFaceTest" classname="com.light.utils.UtilsTest" time="1.437"/>
  <testcase name="addFaceTest" classname="com.light.utils.UtilsTest" time="0.69"/>
  <testcase name="matchFace" classname="com.light.utils.UtilsTest" time="5.66"/>
</testsuite>